<?xml version="1.0" encoding="UTF-8"?>
<!-- Generated by org.testng.reporters.JUnitXMLReporter -->
<testsuite hostname="07HW012081" ignored="0" name="Default test" tests="10" failures="0" timestamp="17 mai 2019 16:24:26 GMT" time="0.036" errors="0">
  <testcase name="givenMethod_whenRunInThreads_thenCorrect" time="0.01" classname="com.foguetinho.api.UploadConcurrentTest"/>
  <testcase name="givenMethod_whenRunInThreads_thenCorrect" time="0.01" classname="com.foguetinho.api.UploadConcurrentTest"/>
  <testcase name="givenMethod_whenRunInThreads_thenCorrect" time="0.01" classname="com.foguetinho.api.UploadConcurrentTest"/>
  <testcase name="givenMethod_whenRunInThreads_thenCorrect" time="0.01" classname="com.foguetinho.api.UploadConcurrentTest"/>
  <testcase name="givenMethod_whenRunInThreads_thenCorrect" time="0.01" classname="com.foguetinho.api.UploadConcurrentTest"/>
  <testcase name="givenMethod_whenRunInThreads_thenCorrect" time="0.001" classname="com.foguetinho.api.UploadConcurrentTest"/>
  <testcase name="givenMethod_whenRunInThreads_thenCorrect" time="0.001" classname="com.foguetinho.api.UploadConcurrentTest"/>
  <testcase name="givenMethod_whenRunInThreads_thenCorrect" time="0.006" classname="com.foguetinho.api.UploadConcurrentTest"/>
  <testcase name="givenMethod_whenRunInThreads_thenCorrect" time="0.007" classname="com.foguetinho.api.UploadConcurrentTest"/>
  <testcase name="givenMethod_whenRunInThreads_thenCorrect" time="0.005" classname="com.foguetinho.api.UploadConcurrentTest"/>
</testsuite> <!-- Default test -->
