<?xml version="1.0" encoding="UTF-8"?>
<!-- Generated by org.testng.reporters.JUnitXMLReporter -->
<testsuite hostname="07HW012081" ignored="0" name="Default test" tests="10" failures="0" timestamp="20 mai 2019 20:20:57 GMT" time="7.376" errors="0">
  <testcase name="givenMethod_whenRunInThreads_thenCorrect" time="0.374" classname="com.foguetinho.api.UploadConcurrentTest"/>
  <testcase name="givenMethod_whenRunInThreads_thenCorrect" time="0.321" classname="com.foguetinho.api.UploadConcurrentTest"/>
  <testcase name="givenMethod_whenRunInThreads_thenCorrect" time="0.207" classname="com.foguetinho.api.UploadConcurrentTest"/>
  <testcase name="givenMethod_whenRunInThreads_thenCorrect" time="0.266" classname="com.foguetinho.api.UploadConcurrentTest"/>
  <testcase name="givenMethod_whenRunInThreads_thenCorrect" time="0.208" classname="com.foguetinho.api.UploadConcurrentTest"/>
  <testcase name="givenMethod_whenRunInThreads_thenCorrect" time="0.219" classname="com.foguetinho.api.UploadConcurrentTest"/>
  <testcase name="givenMethod_whenRunInThreads_thenCorrect" time="0.229" classname="com.foguetinho.api.UploadConcurrentTest"/>
  <testcase name="givenMethod_whenRunInThreads_thenCorrect" time="0.216" classname="com.foguetinho.api.UploadConcurrentTest"/>
  <testcase name="givenMethod_whenRunInThreads_thenCorrect" time="0.191" classname="com.foguetinho.api.UploadConcurrentTest"/>
  <testcase name="givenMethod_whenRunInThreads_thenCorrect" time="0.214" classname="com.foguetinho.api.UploadConcurrentTest"/>
</testsuite> <!-- Default test -->
