<?xml version="1.0" encoding="UTF-8"?>
<testng-results skipped="0" failed="0" ignored="0" total="10" passed="10">
  <reporter-output>
  </reporter-output>
  <suite name="Default suite" duration-ms="36" started-at="2019-05-17T16:24:26Z" finished-at="2019-05-17T16:24:26Z">
    <groups>
    </groups>
    <test name="Default test" duration-ms="36" started-at="2019-05-17T16:24:26Z" finished-at="2019-05-17T16:24:26Z">
      <class name="com.foguetinho.api.UploadConcurrentTest">
        <test-method status="PASS" signature="givenMethod_whenRunInThreads_thenCorrect()[pri:0, instance:com.foguetinho.api.UploadConcurrentTest@7d907bac]" name="givenMethod_whenRunInThreads_thenCorrect" duration-ms="10" started-at="2019-05-17T13:24:26Z" finished-at="2019-05-17T13:24:26Z">
          <reporter-output>
          </reporter-output>
        </test-method> <!-- givenMethod_whenRunInThreads_thenCorrect -->
        <test-method status="PASS" signature="givenMethod_whenRunInThreads_thenCorrect()[pri:0, instance:com.foguetinho.api.UploadConcurrentTest@7d907bac]" name="givenMethod_whenRunInThreads_thenCorrect" duration-ms="10" started-at="2019-05-17T13:24:26Z" finished-at="2019-05-17T13:24:26Z">
          <reporter-output>
          </reporter-output>
        </test-method> <!-- givenMethod_whenRunInThreads_thenCorrect -->
        <test-method status="PASS" signature="givenMethod_whenRunInThreads_thenCorrect()[pri:0, instance:com.foguetinho.api.UploadConcurrentTest@7d907bac]" name="givenMethod_whenRunInThreads_thenCorrect" duration-ms="10" started-at="2019-05-17T13:24:26Z" finished-at="2019-05-17T13:24:26Z">
          <reporter-output>
          </reporter-output>
        </test-method> <!-- givenMethod_whenRunInThreads_thenCorrect -->
        <test-method status="PASS" signature="givenMethod_whenRunInThreads_thenCorrect()[pri:0, instance:com.foguetinho.api.UploadConcurrentTest@7d907bac]" name="givenMethod_whenRunInThreads_thenCorrect" duration-ms="10" started-at="2019-05-17T13:24:26Z" finished-at="2019-05-17T13:24:26Z">
          <reporter-output>
          </reporter-output>
        </test-method> <!-- givenMethod_whenRunInThreads_thenCorrect -->
        <test-method status="PASS" signature="givenMethod_whenRunInThreads_thenCorrect()[pri:0, instance:com.foguetinho.api.UploadConcurrentTest@7d907bac]" name="givenMethod_whenRunInThreads_thenCorrect" duration-ms="10" started-at="2019-05-17T13:24:26Z" finished-at="2019-05-17T13:24:26Z">
          <reporter-output>
          </reporter-output>
        </test-method> <!-- givenMethod_whenRunInThreads_thenCorrect -->
        <test-method status="PASS" signature="givenMethod_whenRunInThreads_thenCorrect()[pri:0, instance:com.foguetinho.api.UploadConcurrentTest@7d907bac]" name="givenMethod_whenRunInThreads_thenCorrect" duration-ms="6" started-at="2019-05-17T13:24:26Z" finished-at="2019-05-17T13:24:26Z">
          <reporter-output>
          </reporter-output>
        </test-method> <!-- givenMethod_whenRunInThreads_thenCorrect -->
        <test-method status="PASS" signature="givenMethod_whenRunInThreads_thenCorrect()[pri:0, instance:com.foguetinho.api.UploadConcurrentTest@7d907bac]" name="givenMethod_whenRunInThreads_thenCorrect" duration-ms="7" started-at="2019-05-17T13:24:26Z" finished-at="2019-05-17T13:24:26Z">
          <reporter-output>
          </reporter-output>
        </test-method> <!-- givenMethod_whenRunInThreads_thenCorrect -->
        <test-method status="PASS" signature="givenMethod_whenRunInThreads_thenCorrect()[pri:0, instance:com.foguetinho.api.UploadConcurrentTest@7d907bac]" name="givenMethod_whenRunInThreads_thenCorrect" duration-ms="1" started-at="2019-05-17T13:24:26Z" finished-at="2019-05-17T13:24:26Z">
          <reporter-output>
          </reporter-output>
        </test-method> <!-- givenMethod_whenRunInThreads_thenCorrect -->
        <test-method status="PASS" signature="givenMethod_whenRunInThreads_thenCorrect()[pri:0, instance:com.foguetinho.api.UploadConcurrentTest@7d907bac]" name="givenMethod_whenRunInThreads_thenCorrect" duration-ms="5" started-at="2019-05-17T13:24:26Z" finished-at="2019-05-17T13:24:26Z">
          <reporter-output>
          </reporter-output>
        </test-method> <!-- givenMethod_whenRunInThreads_thenCorrect -->
        <test-method status="PASS" signature="givenMethod_whenRunInThreads_thenCorrect()[pri:0, instance:com.foguetinho.api.UploadConcurrentTest@7d907bac]" name="givenMethod_whenRunInThreads_thenCorrect" duration-ms="1" started-at="2019-05-17T13:24:26Z" finished-at="2019-05-17T13:24:26Z">
          <reporter-output>
          </reporter-output>
        </test-method> <!-- givenMethod_whenRunInThreads_thenCorrect -->
      </class> <!-- com.foguetinho.api.UploadConcurrentTest -->
    </test> <!-- Default test -->
  </suite> <!-- Default suite -->
</testng-results>
