<?xml version="1.0" encoding="UTF-8"?>
<testng-results skipped="0" failed="0" ignored="0" total="10" passed="10">
  <reporter-output>
  </reporter-output>
  <suite name="Default suite" duration-ms="7376" started-at="2019-05-20T20:20:50Z" finished-at="2019-05-20T20:20:57Z">
    <groups>
    </groups>
    <test name="Default test" duration-ms="7376" started-at="2019-05-20T20:20:50Z" finished-at="2019-05-20T20:20:57Z">
      <class name="com.foguetinho.api.UploadConcurrentTest">
        <test-method status="PASS" signature="setUp()[pri:0, instance:com.foguetinho.api.UploadConcurrentTest@6ee52dcd]" name="setUp" is-config="true" duration-ms="4859" started-at="2019-05-20T17:20:50Z" finished-at="2019-05-20T17:20:55Z">
          <reporter-output>
          </reporter-output>
        </test-method> <!-- setUp -->
        <test-method status="PASS" signature="givenMethod_whenRunInThreads_thenCorrect()[pri:0, instance:com.foguetinho.api.UploadConcurrentTest@6ee52dcd]" name="givenMethod_whenRunInThreads_thenCorrect" duration-ms="374" started-at="2019-05-20T17:20:55Z" finished-at="2019-05-20T17:20:55Z">
          <reporter-output>
          </reporter-output>
        </test-method> <!-- givenMethod_whenRunInThreads_thenCorrect -->
        <test-method status="PASS" signature="givenMethod_whenRunInThreads_thenCorrect()[pri:0, instance:com.foguetinho.api.UploadConcurrentTest@6ee52dcd]" name="givenMethod_whenRunInThreads_thenCorrect" duration-ms="321" started-at="2019-05-20T17:20:55Z" finished-at="2019-05-20T17:20:56Z">
          <reporter-output>
          </reporter-output>
        </test-method> <!-- givenMethod_whenRunInThreads_thenCorrect -->
        <test-method status="PASS" signature="givenMethod_whenRunInThreads_thenCorrect()[pri:0, instance:com.foguetinho.api.UploadConcurrentTest@6ee52dcd]" name="givenMethod_whenRunInThreads_thenCorrect" duration-ms="207" started-at="2019-05-20T17:20:56Z" finished-at="2019-05-20T17:20:56Z">
          <reporter-output>
          </reporter-output>
        </test-method> <!-- givenMethod_whenRunInThreads_thenCorrect -->
        <test-method status="PASS" signature="givenMethod_whenRunInThreads_thenCorrect()[pri:0, instance:com.foguetinho.api.UploadConcurrentTest@6ee52dcd]" name="givenMethod_whenRunInThreads_thenCorrect" duration-ms="266" started-at="2019-05-20T17:20:56Z" finished-at="2019-05-20T17:20:56Z">
          <reporter-output>
          </reporter-output>
        </test-method> <!-- givenMethod_whenRunInThreads_thenCorrect -->
        <test-method status="PASS" signature="givenMethod_whenRunInThreads_thenCorrect()[pri:0, instance:com.foguetinho.api.UploadConcurrentTest@6ee52dcd]" name="givenMethod_whenRunInThreads_thenCorrect" duration-ms="208" started-at="2019-05-20T17:20:56Z" finished-at="2019-05-20T17:20:56Z">
          <reporter-output>
          </reporter-output>
        </test-method> <!-- givenMethod_whenRunInThreads_thenCorrect -->
        <test-method status="PASS" signature="givenMethod_whenRunInThreads_thenCorrect()[pri:0, instance:com.foguetinho.api.UploadConcurrentTest@6ee52dcd]" name="givenMethod_whenRunInThreads_thenCorrect" duration-ms="219" started-at="2019-05-20T17:20:56Z" finished-at="2019-05-20T17:20:57Z">
          <reporter-output>
          </reporter-output>
        </test-method> <!-- givenMethod_whenRunInThreads_thenCorrect -->
        <test-method status="PASS" signature="givenMethod_whenRunInThreads_thenCorrect()[pri:0, instance:com.foguetinho.api.UploadConcurrentTest@6ee52dcd]" name="givenMethod_whenRunInThreads_thenCorrect" duration-ms="229" started-at="2019-05-20T17:20:57Z" finished-at="2019-05-20T17:20:57Z">
          <reporter-output>
          </reporter-output>
        </test-method> <!-- givenMethod_whenRunInThreads_thenCorrect -->
        <test-method status="PASS" signature="givenMethod_whenRunInThreads_thenCorrect()[pri:0, instance:com.foguetinho.api.UploadConcurrentTest@6ee52dcd]" name="givenMethod_whenRunInThreads_thenCorrect" duration-ms="216" started-at="2019-05-20T17:20:57Z" finished-at="2019-05-20T17:20:57Z">
          <reporter-output>
          </reporter-output>
        </test-method> <!-- givenMethod_whenRunInThreads_thenCorrect -->
        <test-method status="PASS" signature="givenMethod_whenRunInThreads_thenCorrect()[pri:0, instance:com.foguetinho.api.UploadConcurrentTest@6ee52dcd]" name="givenMethod_whenRunInThreads_thenCorrect" duration-ms="191" started-at="2019-05-20T17:20:57Z" finished-at="2019-05-20T17:20:57Z">
          <reporter-output>
          </reporter-output>
        </test-method> <!-- givenMethod_whenRunInThreads_thenCorrect -->
        <test-method status="PASS" signature="givenMethod_whenRunInThreads_thenCorrect()[pri:0, instance:com.foguetinho.api.UploadConcurrentTest@6ee52dcd]" name="givenMethod_whenRunInThreads_thenCorrect" duration-ms="214" started-at="2019-05-20T17:20:57Z" finished-at="2019-05-20T17:20:57Z">
          <reporter-output>
          </reporter-output>
        </test-method> <!-- givenMethod_whenRunInThreads_thenCorrect -->
        <test-method status="PASS" signature="tearDown()[pri:0, instance:com.foguetinho.api.UploadConcurrentTest@6ee52dcd]" name="tearDown" is-config="true" duration-ms="52" started-at="2019-05-20T17:20:57Z" finished-at="2019-05-20T17:20:57Z">
          <reporter-output>
          </reporter-output>
        </test-method> <!-- tearDown -->
      </class> <!-- com.foguetinho.api.UploadConcurrentTest -->
    </test> <!-- Default test -->
  </suite> <!-- Default suite -->
</testng-results>
